2018-05-24 15:10:15,574 DEBUG No configuration found at `/Users/ocavue/Git/jupyter_archive/graphene/.pyre_configuration.local`.
2018-05-24 15:10:15,574 DEBUG No configuration found at `.pyre_configuration.local`.
2018-05-24 15:10:15,575 DEBUG No configuration found at `.pyre_configuration`.
2018-05-24 15:10:15,575 INFO No source directory specified, using current directory
2018-05-24 15:10:15,575 INFO No binary specified, looking for `pyre.bin` in PATH
2018-05-24 15:10:15,575 INFO Found: `/usr/local/bin/pyre.bin`
2018-05-24 15:10:15,575 INFO No typeshed specified, looking for it
2018-05-24 15:10:15,575 DEBUG Trying with: `/usr/local/lib/python3.6/site-packages/pyre_check/pyre_check/typeshed/stdlib/`
2018-05-24 15:10:15,576 DEBUG Trying with: `/usr/local/lib/python3.6/site-packages/pyre_check/typeshed/stdlib/`
2018-05-24 15:10:15,576 DEBUG Trying with: `/usr/local/lib/python3.6/pyre_check/typeshed/stdlib/`
2018-05-24 15:10:15,576 DEBUG Trying with: `/usr/local/lib/pyre_check/typeshed/stdlib/`
2018-05-24 15:10:15,576 INFO Found: `/usr/local/lib/pyre_check/typeshed/stdlib/`
2018-05-24 15:10:15,576 WARNING Setting up a .pyre_configuration file may reduce overhead.

2018-05-24 15:10:15,576 WARNING Server not running at `.`. Starting...

2018-05-24 15:10:15,577 DEBUG Running `/usr/local/bin/pyre.bin start -project-root /Users/ocavue/Git/jupyter_archive/graphene -use-watchman -workers 1 -search-path /usr/local/lib/pyre_check/typeshed/stdlib/ -version None .`
2018-05-24 15:10:15,620 INFO Starting up server...
2018-05-24 15:10:15,621 INFO Spawning the watchman daemon now.
2018-05-24 15:10:15,628 INFO Watchman daemon pid: 24183
2018-05-24 15:10:15,630 INFO Server starting in background
2018-05-24 15:10:15,631 WARNING Server initializing...

2018-05-24 15:10:15,632 DEBUG Running `/usr/local/bin/pyre.bin incremental -project-root /Users/ocavue/Git/jupyter_archive/graphene -search-path /usr/local/lib/pyre_check/typeshed/stdlib/ -version None .`
2018-05-24 15:10:15,701 INFO Server running as pid 24184
2018-05-24 15:10:15,702 INFO Finding type stubs in `/Users/ocavue/Git/jupyter_archive/graphene`...
2018-05-24 15:10:15,710 INFO Finding type stubs in `/usr/local/lib/pyre_check/typeshed/stdlib`...
2018-05-24 15:10:15,716 INFO Finding external sources in `/usr/local/lib/pyre_check/typeshed/stdlib`...
2018-05-24 15:10:15,821 INFO Parsing 346 stubs and external sources...
2018-05-24 15:10:15,960 INFO Parsing 1 sources in `/Users/ocavue/Git/jupyter_archive/graphene`...
2018-05-24 15:10:16,065 INFO Building type environment...
2018-05-24 15:10:16,222 INFO Adding environment information to shared memory...
2018-05-24 15:10:16,311 INFO Inferring protocol implementations...
2018-05-24 15:10:16,337 INFO Checking...
2018-05-24 15:10:16,339 SUCCESS No type errors found

2018-05-24 15:11:23,903 DEBUG No configuration found at `/Users/ocavue/Git/jupyter_archive/graphene/.pyre_configuration.local`.
2018-05-24 15:11:23,904 DEBUG No configuration found at `.pyre_configuration.local`.
2018-05-24 15:11:23,904 DEBUG No configuration found at `.pyre_configuration`.
2018-05-24 15:11:23,904 INFO No source directory specified, using current directory
2018-05-24 15:11:23,904 INFO No binary specified, looking for `pyre.bin` in PATH
2018-05-24 15:11:23,904 INFO Found: `/usr/local/bin/pyre.bin`
2018-05-24 15:11:23,904 INFO No typeshed specified, looking for it
2018-05-24 15:11:23,905 DEBUG Trying with: `/usr/local/lib/python3.6/site-packages/pyre_check/pyre_check/typeshed/stdlib/`
2018-05-24 15:11:23,905 DEBUG Trying with: `/usr/local/lib/python3.6/site-packages/pyre_check/typeshed/stdlib/`
2018-05-24 15:11:23,905 DEBUG Trying with: `/usr/local/lib/python3.6/pyre_check/typeshed/stdlib/`
2018-05-24 15:11:23,905 DEBUG Trying with: `/usr/local/lib/pyre_check/typeshed/stdlib/`
2018-05-24 15:11:23,905 INFO Found: `/usr/local/lib/pyre_check/typeshed/stdlib/`
2018-05-24 15:11:23,905 WARNING Setting up a .pyre_configuration file may reduce overhead.

2018-05-24 15:11:23,905 WARNING Server not running at `.`. Starting...

2018-05-24 15:11:23,906 DEBUG Running `/usr/local/bin/pyre.bin start -project-root /Users/ocavue/Git/jupyter_archive/graphene -use-watchman -workers 1 -search-path /usr/local/lib/pyre_check/typeshed/stdlib/ -version None .`
2018-05-24 15:11:23,940 INFO Starting up server...
2018-05-24 15:11:23,941 INFO Spawning the watchman daemon now.
2018-05-24 15:11:23,944 INFO Watchman daemon pid: 24267
2018-05-24 15:11:23,946 INFO Server starting in background
2018-05-24 15:11:23,946 WARNING Server initializing...

2018-05-24 15:11:23,947 DEBUG Running `/usr/local/bin/pyre.bin incremental -project-root /Users/ocavue/Git/jupyter_archive/graphene -search-path /usr/local/lib/pyre_check/typeshed/stdlib/ -version None .`
2018-05-24 15:11:24,017 INFO Server running as pid 24268
2018-05-24 15:11:24,018 INFO Finding type stubs in `/Users/ocavue/Git/jupyter_archive/graphene`...
2018-05-24 15:11:24,025 INFO Finding type stubs in `/usr/local/lib/pyre_check/typeshed/stdlib`...
2018-05-24 15:11:24,031 INFO Finding external sources in `/usr/local/lib/pyre_check/typeshed/stdlib`...
2018-05-24 15:11:24,135 INFO Parsing 346 stubs and external sources...
2018-05-24 15:11:24,279 INFO Parsing 1 sources in `/Users/ocavue/Git/jupyter_archive/graphene`...
2018-05-24 15:11:24,383 INFO Building type environment...
2018-05-24 15:11:24,520 INFO Adding environment information to shared memory...
2018-05-24 15:11:24,607 INFO Inferring protocol implementations...
2018-05-24 15:11:24,633 INFO Checking...
2018-05-24 15:11:24,635 SUCCESS No type errors found

2018-05-24 15:11:27,408 DEBUG No configuration found at `/Users/ocavue/Git/jupyter_archive/graphene/.pyre_configuration.local`.
2018-05-24 15:11:27,408 DEBUG No configuration found at `.pyre_configuration.local`.
2018-05-24 15:11:27,408 DEBUG No configuration found at `.pyre_configuration`.
2018-05-24 15:11:27,408 INFO No source directory specified, using current directory
2018-05-24 15:11:27,408 INFO No binary specified, looking for `pyre.bin` in PATH
2018-05-24 15:11:27,409 INFO Found: `/usr/local/bin/pyre.bin`
2018-05-24 15:11:27,409 INFO No typeshed specified, looking for it
2018-05-24 15:11:27,409 DEBUG Trying with: `/usr/local/lib/python3.6/site-packages/pyre_check/pyre_check/typeshed/stdlib/`
2018-05-24 15:11:27,409 DEBUG Trying with: `/usr/local/lib/python3.6/site-packages/pyre_check/typeshed/stdlib/`
2018-05-24 15:11:27,409 DEBUG Trying with: `/usr/local/lib/python3.6/pyre_check/typeshed/stdlib/`
2018-05-24 15:11:27,409 DEBUG Trying with: `/usr/local/lib/pyre_check/typeshed/stdlib/`
2018-05-24 15:11:27,409 INFO Found: `/usr/local/lib/pyre_check/typeshed/stdlib/`
2018-05-24 15:11:27,410 WARNING Setting up a .pyre_configuration file may reduce overhead.

2018-05-24 15:11:27,410 INFO Waiting for server...
2018-05-24 15:11:27,410 DEBUG Running `/usr/local/bin/pyre.bin incremental -project-root /Users/ocavue/Git/jupyter_archive/graphene -search-path /usr/local/lib/pyre_check/typeshed/stdlib/ -version None .`
2018-05-24 15:11:27,416 INFO Finding type stubs in `/Users/ocavue/Git/jupyter_archive/graphene`...
2018-05-24 15:11:27,417 INFO Finding type stubs in `/usr/local/lib/pyre_check/typeshed/stdlib`...
2018-05-24 15:11:27,417 INFO Finding external sources in `/usr/local/lib/pyre_check/typeshed/stdlib`...
2018-05-24 15:11:27,417 INFO Parsing 346 stubs and external sources...
2018-05-24 15:11:27,417 INFO Parsing 1 sources in `/Users/ocavue/Git/jupyter_archive/graphene`...
2018-05-24 15:11:27,418 INFO Building type environment...
2018-05-24 15:11:27,418 INFO Adding environment information to shared memory...
2018-05-24 15:11:27,418 INFO Inferring protocol implementations...
2018-05-24 15:11:27,419 INFO Checking...
2018-05-24 15:11:27,495 SUCCESS No type errors found

2018-05-24 15:11:28,828 DEBUG No configuration found at `/Users/ocavue/Git/jupyter_archive/graphene/.pyre_configuration.local`.
2018-05-24 15:11:28,829 DEBUG No configuration found at `.pyre_configuration.local`.
2018-05-24 15:11:28,829 DEBUG No configuration found at `.pyre_configuration`.
2018-05-24 15:11:28,829 INFO No source directory specified, using current directory
2018-05-24 15:11:28,829 INFO No binary specified, looking for `pyre.bin` in PATH
2018-05-24 15:11:28,829 INFO Found: `/usr/local/bin/pyre.bin`
2018-05-24 15:11:28,830 INFO No typeshed specified, looking for it
2018-05-24 15:11:28,830 DEBUG Trying with: `/usr/local/lib/python3.6/site-packages/pyre_check/pyre_check/typeshed/stdlib/`
2018-05-24 15:11:28,830 DEBUG Trying with: `/usr/local/lib/python3.6/site-packages/pyre_check/typeshed/stdlib/`
2018-05-24 15:11:28,831 DEBUG Trying with: `/usr/local/lib/python3.6/pyre_check/typeshed/stdlib/`
2018-05-24 15:11:28,831 DEBUG Trying with: `/usr/local/lib/pyre_check/typeshed/stdlib/`
2018-05-24 15:11:28,831 INFO Found: `/usr/local/lib/pyre_check/typeshed/stdlib/`
2018-05-24 15:11:28,831 WARNING Setting up a .pyre_configuration file may reduce overhead.

2018-05-24 15:11:28,832 INFO Waiting for server...
2018-05-24 15:11:28,832 DEBUG Running `/usr/local/bin/pyre.bin incremental -project-root /Users/ocavue/Git/jupyter_archive/graphene -search-path /usr/local/lib/pyre_check/typeshed/stdlib/ -version None .`
2018-05-24 15:11:28,838 INFO Finding type stubs in `/Users/ocavue/Git/jupyter_archive/graphene`...
2018-05-24 15:11:28,838 INFO Finding type stubs in `/usr/local/lib/pyre_check/typeshed/stdlib`...
2018-05-24 15:11:28,838 INFO Finding external sources in `/usr/local/lib/pyre_check/typeshed/stdlib`...
2018-05-24 15:11:28,838 INFO Parsing 346 stubs and external sources...
2018-05-24 15:11:28,839 INFO Parsing 1 sources in `/Users/ocavue/Git/jupyter_archive/graphene`...
2018-05-24 15:11:28,839 INFO Building type environment...
2018-05-24 15:11:28,839 INFO Adding environment information to shared memory...
2018-05-24 15:11:28,839 INFO Inferring protocol implementations...
2018-05-24 15:11:28,839 INFO Checking...
2018-05-24 15:11:28,925 SUCCESS No type errors found

2018-05-24 15:11:45,555 DEBUG No configuration found at `/Users/ocavue/Git/jupyter_archive/graphene/.pyre_configuration.local`.
2018-05-24 15:11:45,556 DEBUG No configuration found at `.pyre_configuration.local`.
2018-05-24 15:11:45,556 DEBUG No configuration found at `.pyre_configuration`.
2018-05-24 15:11:45,556 INFO No source directory specified, using current directory
2018-05-24 15:11:45,556 INFO No binary specified, looking for `pyre.bin` in PATH
2018-05-24 15:11:45,556 INFO Found: `/usr/local/bin/pyre.bin`
2018-05-24 15:11:45,556 INFO No typeshed specified, looking for it
2018-05-24 15:11:45,557 DEBUG Trying with: `/usr/local/lib/python3.6/site-packages/pyre_check/pyre_check/typeshed/stdlib/`
2018-05-24 15:11:45,557 DEBUG Trying with: `/usr/local/lib/python3.6/site-packages/pyre_check/typeshed/stdlib/`
2018-05-24 15:11:45,557 DEBUG Trying with: `/usr/local/lib/python3.6/pyre_check/typeshed/stdlib/`
2018-05-24 15:11:45,557 DEBUG Trying with: `/usr/local/lib/pyre_check/typeshed/stdlib/`
2018-05-24 15:11:45,557 INFO Found: `/usr/local/lib/pyre_check/typeshed/stdlib/`
2018-05-24 15:11:45,557 WARNING Setting up a .pyre_configuration file may reduce overhead.

2018-05-24 15:11:45,557 INFO Waiting for server...
2018-05-24 15:11:45,558 DEBUG Running `/usr/local/bin/pyre.bin incremental -project-root /Users/ocavue/Git/jupyter_archive/graphene -search-path /usr/local/lib/pyre_check/typeshed/stdlib/ -version None .`
2018-05-24 15:11:45,564 INFO Finding type stubs in `/Users/ocavue/Git/jupyter_archive/graphene`...
2018-05-24 15:11:45,565 INFO Finding type stubs in `/usr/local/lib/pyre_check/typeshed/stdlib`...
2018-05-24 15:11:45,565 INFO Finding external sources in `/usr/local/lib/pyre_check/typeshed/stdlib`...
2018-05-24 15:11:45,565 INFO Parsing 346 stubs and external sources...
2018-05-24 15:11:45,566 INFO Parsing 1 sources in `/Users/ocavue/Git/jupyter_archive/graphene`...
2018-05-24 15:11:45,566 INFO Building type environment...
2018-05-24 15:11:45,566 INFO Adding environment information to shared memory...
2018-05-24 15:11:45,566 INFO Inferring protocol implementations...
2018-05-24 15:11:45,567 INFO Checking...
2018-05-24 15:11:45,604 SUCCESS No type errors found

2018-05-24 15:12:22,683 DEBUG No configuration found at `/Users/ocavue/Git/jupyter_archive/graphene/.pyre_configuration.local`.
2018-05-24 15:12:22,683 DEBUG No configuration found at `.pyre_configuration.local`.
2018-05-24 15:12:22,683 DEBUG No configuration found at `.pyre_configuration`.
2018-05-24 15:12:22,683 INFO No source directory specified, using current directory
2018-05-24 15:12:22,684 INFO No binary specified, looking for `pyre.bin` in PATH
2018-05-24 15:12:22,684 INFO Found: `/usr/local/bin/pyre.bin`
2018-05-24 15:12:22,684 INFO No typeshed specified, looking for it
2018-05-24 15:12:22,684 DEBUG Trying with: `/usr/local/lib/python3.6/site-packages/pyre_check/pyre_check/typeshed/stdlib/`
2018-05-24 15:12:22,684 DEBUG Trying with: `/usr/local/lib/python3.6/site-packages/pyre_check/typeshed/stdlib/`
2018-05-24 15:12:22,685 DEBUG Trying with: `/usr/local/lib/python3.6/pyre_check/typeshed/stdlib/`
2018-05-24 15:12:22,685 DEBUG Trying with: `/usr/local/lib/pyre_check/typeshed/stdlib/`
2018-05-24 15:12:22,685 INFO Found: `/usr/local/lib/pyre_check/typeshed/stdlib/`
2018-05-24 15:12:22,685 WARNING Setting up a .pyre_configuration file may reduce overhead.

2018-05-24 15:12:22,685 INFO Waiting for server...
2018-05-24 15:12:22,685 DEBUG Running `/usr/local/bin/pyre.bin incremental -project-root /Users/ocavue/Git/jupyter_archive/graphene -search-path /usr/local/lib/pyre_check/typeshed/stdlib/ -version None .`
2018-05-24 15:12:22,691 INFO Finding type stubs in `/Users/ocavue/Git/jupyter_archive/graphene`...
2018-05-24 15:12:22,692 INFO Finding type stubs in `/usr/local/lib/pyre_check/typeshed/stdlib`...
2018-05-24 15:12:22,692 INFO Finding external sources in `/usr/local/lib/pyre_check/typeshed/stdlib`...
2018-05-24 15:12:22,693 INFO Parsing 346 stubs and external sources...
2018-05-24 15:12:22,693 INFO Parsing 1 sources in `/Users/ocavue/Git/jupyter_archive/graphene`...
2018-05-24 15:12:22,694 INFO Building type environment...
2018-05-24 15:12:22,699 INFO Adding environment information to shared memory...
2018-05-24 15:12:22,700 INFO Inferring protocol implementations...
2018-05-24 15:12:22,701 INFO Checking...
2018-05-24 15:12:22,801 INFO Processed 1 of 1 sources
2018-05-24 15:12:22,809 SUCCESS No type errors found

